[ 2014-09-22T23:03:34+08:00 ] 127.0.0.1 /thinkphp_3.2.2_full/
INFO: [ app_init ] --START--
INFO: Run Behavior\BuildLiteBehavior [ RunTime:0.000036s ]
INFO: [ app_init ] --END-- [ RunTime:0.035577s ]
INFO: [ app_begin ] --START--
INFO: Run Behavior\ReadHtmlCacheBehavior [ RunTime:0.015919s ]
INFO: [ app_begin ] --END-- [ RunTime:0.016103s ]
INFO: [ view_parse ] --START--
INFO: [ template_filter ] --START--
INFO: Run Behavior\ContentReplaceBehavior [ RunTime:0.000209s ]
INFO: [ template_filter ] --END-- [ RunTime:0.000509s ]
NOTIC: [2] fopen(E:\wamp\www\thinkphp_3.2.2_full\ThinkPHP\Library\Org\Net/UTFWry.dat) [<a href='function.fopen'>function.fopen</a>]: failed to open stream: No such file or directory E:\wamp\www\thinkphp_3.2.2_full\ThinkPHP\Library\Org\Net\IpLocation.class.php 第 54 行.
INFO: Run Behavior\ParseTemplateBehavior [ RunTime:0.205858s ]
INFO: [ view_parse ] --END-- [ RunTime:0.206055s ]
INFO: [ view_filter ] --START--
INFO: Run Behavior\WriteHtmlCacheBehavior [ RunTime:0.009791s ]
INFO: [ view_filter ] --END-- [ RunTime:0.010009s ]
INFO: [ app_end ] --START--
INFO: Run Behavior\ShowPageTraceBehavior [ RunTime:0.009884s ]
INFO: [ app_end ] --END-- [ RunTime:0.010197s ]

[ 2014-09-22T23:03:40+08:00 ] 127.0.0.1 /thinkphp_3.2.2_full/home/
INFO: [ app_init ] --START--
INFO: Run Behavior\BuildLiteBehavior [ RunTime:0.000031s ]
INFO: [ app_init ] --END-- [ RunTime:0.000567s ]
INFO: [ app_begin ] --START--
INFO: Run Behavior\ReadHtmlCacheBehavior [ RunTime:0.000644s ]
INFO: [ app_begin ] --END-- [ RunTime:0.000866s ]
INFO: [ view_parse ] --START--
INFO: [ template_filter ] --START--
INFO: Run Behavior\ContentReplaceBehavior [ RunTime:0.000161s ]
INFO: [ template_filter ] --END-- [ RunTime:0.000373s ]
NOTIC: [2] fopen(E:\wamp\www\thinkphp_3.2.2_full\ThinkPHP\Library\Org\Net/UTFWry.dat) [<a href='function.fopen'>function.fopen</a>]: failed to open stream: No such file or directory E:\wamp\www\thinkphp_3.2.2_full\ThinkPHP\Library\Org\Net\IpLocation.class.php 第 54 行.
INFO: Run Behavior\ParseTemplateBehavior [ RunTime:0.034838s ]
INFO: [ view_parse ] --END-- [ RunTime:0.035048s ]
INFO: [ view_filter ] --START--
INFO: Run Behavior\WriteHtmlCacheBehavior [ RunTime:0.000974s ]
INFO: [ view_filter ] --END-- [ RunTime:0.001276s ]
INFO: [ app_end ] --START--
INFO: Run Behavior\ShowPageTraceBehavior [ RunTime:0.001198s ]
INFO: [ app_end ] --END-- [ RunTime:0.001398s ]

